<?xml version="1.0" encoding="UTF-8"?>
<testsuite xmlns:xsi="http://www.w3.org/2001/XMLSchema-instance" xsi:noNamespaceSchemaLocation="https://maven.apache.org/surefire/maven-surefire-plugin/xsd/surefire-test-report-3.0.xsd" version="3.0" name="TestSuite" time="2.558" tests="6" errors="0" skipped="0" failures="4">
  <properties>
[...]
</properties>
  <testcase name="runScenario[&quot;As an admin user, I can create a group and confirm it later by fetching a list of groups&quot;, &quot;Create a group via API as admin user&quot;](1)" classname="GroupAPITestRunner" time="1.375">
    <failure message="expected [201] but found [400]" type="java.lang.AssertionError"><![CDATA[java.lang.AssertionError: expected [201] but found [400]
	at org.testng.Assert.fail(Assert.java:111)
	at org.testng.Assert.failNotEquals(Assert.java:1578)
	at org.testng.Assert.assertEqualsImpl(Assert.java:150)
	at org.testng.Assert.assertEquals(Assert.java:132)
	at org.testng.Assert.assertEquals(Assert.java:1419)
	at org.testng.Assert.assertEquals(Assert.java:1383)
	at org.testng.Assert.assertEquals(Assert.java:1429)
	at stepDef.api.group.CreateGroupStepsAPI.iAmLoggedInAsAnAdminWithUsernameAndPassword(CreateGroupStepsAPI.java:19)
	at ✽.I am logged in as an admin with "jzjz" and "jzjz" and create a group with the name "basic-jira-user"(classpath:features/api/group/a-create-groups-api.feature:4)
]]></failure>
    <system-err><![CDATA[SLF4J: Failed to load class "org.slf4j.impl.StaticLoggerBinder".
SLF4J: Defaulting to no-operation (NOP) logger implementation
SLF4J: See http://www.slf4j.org/codes.html#StaticLoggerBinder for further details.
]]></system-err>
  </testcase>
  <testcase name="runScenario[&quot;As an admin user, I can create a group and confirm it later by fetching a list of groups&quot;, &quot;Create a group via API as admin user&quot;](2)" classname="GroupAPITestRunner" time="0.028">
    <failure message="expected [201] but found [400]" type="java.lang.AssertionError"><![CDATA[java.lang.AssertionError: expected [201] but found [400]
	at org.testng.Assert.fail(Assert.java:111)
	at org.testng.Assert.failNotEquals(Assert.java:1578)
	at org.testng.Assert.assertEqualsImpl(Assert.java:150)
	at org.testng.Assert.assertEquals(Assert.java:132)
	at org.testng.Assert.assertEquals(Assert.java:1419)
	at org.testng.Assert.assertEquals(Assert.java:1383)
	at org.testng.Assert.assertEquals(Assert.java:1429)
	at stepDef.api.group.CreateGroupStepsAPI.iAmLoggedInAsAnAdminWithUsernameAndPassword(CreateGroupStepsAPI.java:19)
	at ✽.I am logged in as an admin with "bob" and "bob123" and create a group with the name "paid-jira-user"(classpath:features/api/group/a-create-groups-api.feature:4)
]]></failure>
  </testcase>
  <testcase name="runScenario[&quot;As an admin user, I can assign a user to different groups and confirm by fetching group members&quot;, &quot;Assign a user to a group via API as admin user&quot;](3)" classname="GroupAPITestRunner" time="0.028">
    <failure message="expected [201] but found [400]" type="java.lang.AssertionError"><![CDATA[java.lang.AssertionError: expected [201] but found [400]
	at org.testng.Assert.fail(Assert.java:111)
	at org.testng.Assert.failNotEquals(Assert.java:1578)
	at org.testng.Assert.assertEqualsImpl(Assert.java:150)
	at org.testng.Assert.assertEquals(Assert.java:132)
	at org.testng.Assert.assertEquals(Assert.java:1419)
	at org.testng.Assert.assertEquals(Assert.java:1383)
	at org.testng.Assert.assertEquals(Assert.java:1429)
	at stepDef.api.group.AddUserToGroupStepsAPI.iAmLoggedInAsAnAdminWithUsernameAndPasswordAndAddAUserAddedUserToTheGroupNameGroup(AddUserToGroupStepsAPI.java:18)
	at ✽.I am logged in as an admin with "jzjz" and "jzjz" and add a user "bob" to the "basic-jira-user" group(classpath:features/api/group/b-assign-users-to-group-api.feature:4)
]]></failure>
  </testcase>
  <testcase name="runScenario[&quot;As an admin user, I can assign a user to different groups and confirm by fetching group members&quot;, &quot;Assign a user to a group via API as admin user&quot;](4)" classname="GroupAPITestRunner" time="0.02">
    <failure message="expected [201] but found [400]" type="java.lang.AssertionError"><![CDATA[java.lang.AssertionError: expected [201] but found [400]
	at org.testng.Assert.fail(Assert.java:111)
	at org.testng.Assert.failNotEquals(Assert.java:1578)
	at org.testng.Assert.assertEqualsImpl(Assert.java:150)
	at org.testng.Assert.assertEquals(Assert.java:132)
	at org.testng.Assert.assertEquals(Assert.java:1419)
	at org.testng.Assert.assertEquals(Assert.java:1383)
	at org.testng.Assert.assertEquals(Assert.java:1429)
	at stepDef.api.group.AddUserToGroupStepsAPI.iAmLoggedInAsAnAdminWithUsernameAndPasswordAndAddAUserAddedUserToTheGroupNameGroup(AddUserToGroupStepsAPI.java:18)
	at ✽.I am logged in as an admin with "bob" and "bob123" and add a user "jzjz" to the "paid-jira-user" group(classpath:features/api/group/b-assign-users-to-group-api.feature:4)
]]></failure>
  </testcase>
  <testcase name="runScenario[&quot;As an admin user, I can filter users by their group name by fetching it&quot;, &quot;Filter users by group via API as admin user&quot;](5)" classname="GroupAPITestRunner" time="0.028"/>
  <testcase name="runScenario[&quot;As an admin user, I can filter users by their group name by fetching it&quot;, &quot;Filter users by group via API as admin user&quot;](6)" classname="GroupAPITestRunner" time="0.016"/>
</testsuite>