<?xml version="1.0" encoding="UTF-8"?>
<testsuite xmlns:xsi="http://www.w3.org/2001/XMLSchema-instance" xsi:noNamespaceSchemaLocation="https://maven.apache.org/surefire/maven-surefire-plugin/xsd/surefire-test-report-3.0.xsd" version="3.0" name="TestSuite" time="3.876" tests="6" errors="0" skipped="0" failures="0">
  <properties>
[...]
</properties>
  <testcase name="runScenario[&quot;I can create 2 issues in the project,&quot;, &quot;Create issues that belong to different epics and priorities in an existing project using API&quot;](1)" classname="IssueAPITestRunner" time="1.723">
    <system-out><![CDATA[HTTP/1.1 200 
X-AREQUESTID: 303x18524x1
Referrer-Policy: strict-origin-when-cross-origin
X-XSS-Protection: 1; mode=block
X-Content-Type-Options: nosniff
X-Frame-Options: SAMEORIGIN
Content-Security-Policy: sandbox
Strict-Transport-Security: max-age=31536000
Set-Cookie: JSESSIONID=5135CAFB5903DDBE1962C6D95C5549A6; Path=/; HttpOnly
X-Seraph-LoginReason: OK
Set-Cookie: atlassian.xsrf.token=B5LV-4P6S-7VFS-39Z6_d33da238682363792c24986652deb9da9fbae1a1_lin; Path=/
X-ASESSIONID: 1u93ry9
X-AUSERNAME: admin
Cache-Control: no-cache, no-store, no-transform
Content-Encoding: gzip
Vary: User-Agent
Content-Type: application/json;charset=UTF-8
Transfer-Encoding: chunked
Date: Thu, 14 Dec 2023 10:03:35 GMT
Keep-Alive: timeout=20
Connection: keep-alive

{
    "expand": "description,lead,url,projectKeys",
    "self": "http://localhost:8080/rest/api/2/project/10200",
    "id": "10200",
    "key": "SCRUMPROJ3",
    "description": "",
    "lead": {
        "self": "http://localhost:8080/rest/api/2/user?username=admin",
        "key": "JIRAUSER10302",
        "name": "admin",
        "avatarUrls": {
            "48x48": "https://www.gravatar.com/avatar/64e1b8d34f425d19e1ee2ea7236d3028?d=mm&s=48",
            "24x24": "https://www.gravatar.com/avatar/64e1b8d34f425d19e1ee2ea7236d3028?d=mm&s=24",
            "16x16": "https://www.gravatar.com/avatar/64e1b8d34f425d19e1ee2ea7236d3028?d=mm&s=16",
            "32x32": "https://www.gravatar.com/avatar/64e1b8d34f425d19e1ee2ea7236d3028?d=mm&s=32"
        },
        "displayName": "admin",
        "active": true
    },
    "components": [
        
    ],
    "issueTypes": [
        {
            "self": "http://localhost:8080/rest/api/2/issuetype/10100",
            "id": "10100",
            "description": "A task that needs to be done.",
            "iconUrl": "http://localhost:8080/secure/viewavatar?size=xsmall&avatarId=10318&avatarType=issuetype",
            "name": "Task",
            "subtask": false,
            "avatarId": 10318
        },
        {
            "self": "http://localhost:8080/rest/api/2/issuetype/10000",
            "id": "10000",
            "description": "The sub-task of the issue",
            "iconUrl": "http://localhost:8080/images/icons/issuetypes/subtask_alternate.png",
            "name": "Sub-task",
            "subtask": true
        },
        {
            "self": "http://localhost:8080/rest/api/2/issuetype/10002",
            "id": "10002",
            "description": "Created by Jira Software - do not edit or delete. Issue type for a user story.",
            "iconUrl": "http://localhost:8080/images/icons/issuetypes/story.svg",
            "name": "Story",
            "subtask": false
        },
        {
            "self": "http://localhost:8080/rest/api/2/issuetype/10101",
            "id": "10101",
            "description": "A problem which impairs or prevents the functions of the product.",
            "iconUrl": "http://localhost:8080/secure/viewavatar?size=xsmall&avatarId=10303&avatarType=issuetype",
            "name": "Bug",
            "subtask": false,
            "avatarId": 10303
        },
        {
            "self": "http://localhost:8080/rest/api/2/issuetype/10001",
            "id": "10001",
            "description": "Created by Jira Software - do not edit or delete. Issue type for a big user story that needs to be broken down.",
            "iconUrl": "http://localhost:8080/images/icons/issuetypes/epic.svg",
            "name": "Epic",
            "subtask": false
        }
    ],
    "assigneeType": "PROJECT_LEAD",
    "versions": [
        
    ],
    "name": "Project3",
    "roles": {
        "Administrators": "http://localhost:8080/rest/api/2/project/10200/role/10002",
        "Developer": "http://localhost:8080/rest/api/2/project/10200/role/10100"
    },
    "avatarUrls": {
        "48x48": "http://localhost:8080/secure/projectavatar?avatarId=10324",
        "24x24": "http://localhost:8080/secure/projectavatar?size=small&avatarId=10324",
        "16x16": "http://localhost:8080/secure/projectavatar?size=xsmall&avatarId=10324",
        "32x32": "http://localhost:8080/secure/projectavatar?size=medium&avatarId=10324"
    },
    "projectTypeKey": "software",
    "archived": false
}
HTTP/1.1 201 
X-AREQUESTID: 303x18525x1
Referrer-Policy: strict-origin-when-cross-origin
X-XSS-Protection: 1; mode=block
X-Content-Type-Options: nosniff
X-Frame-Options: SAMEORIGIN
Content-Security-Policy: sandbox
Strict-Transport-Security: max-age=31536000
Set-Cookie: JSESSIONID=B02B229825538C602CF8993ED607B815; Path=/; HttpOnly
X-Seraph-LoginReason: OK
Set-Cookie: atlassian.xsrf.token=B5LV-4P6S-7VFS-39Z6_bec656365a6996043c714d6b569487468156c8c7_lin; Path=/
X-ASESSIONID: 1h9feie
X-AUSERNAME: admin
Cache-Control: no-cache, no-store, no-transform
Content-Encoding: gzip
Vary: User-Agent
Content-Type: application/json;charset=UTF-8
Transfer-Encoding: chunked
Date: Thu, 14 Dec 2023 10:03:35 GMT
Keep-Alive: timeout=20
Connection: keep-alive

{
    "id": "10117",
    "key": "SCRUMPROJ3-18",
    "self": "http://localhost:8080/rest/api/2/issue/10117"
}
]]></system-out>
    <system-err><![CDATA[SLF4J: Failed to load class "org.slf4j.impl.StaticLoggerBinder".
SLF4J: Defaulting to no-operation (NOP) logger implementation
SLF4J: See http://www.slf4j.org/codes.html#StaticLoggerBinder for further details.
]]></system-err>
  </testcase>
  <testcase name="runScenario[&quot;I can create 2 issues in the project,&quot;, &quot;Create issues that belong to different epics and priorities in an existing project using API&quot;](2)" classname="IssueAPITestRunner" time="0.087">
    <system-out><![CDATA[HTTP/1.1 200 
X-AREQUESTID: 303x18526x1
Referrer-Policy: strict-origin-when-cross-origin
X-XSS-Protection: 1; mode=block
X-Content-Type-Options: nosniff
X-Frame-Options: SAMEORIGIN
Content-Security-Policy: sandbox
Strict-Transport-Security: max-age=31536000
Set-Cookie: JSESSIONID=737E50AFF420FAD1DEE14A008C479BC7; Path=/; HttpOnly
X-Seraph-LoginReason: OK
Set-Cookie: atlassian.xsrf.token=B5LV-4P6S-7VFS-39Z6_02ec11fc585eefae5b734861d8e586e2f5843c13_lin; Path=/
X-ASESSIONID: 1p7szsd
X-AUSERNAME: admin
Cache-Control: no-cache, no-store, no-transform
Content-Encoding: gzip
Vary: User-Agent
Content-Type: application/json;charset=UTF-8
Transfer-Encoding: chunked
Date: Thu, 14 Dec 2023 10:03:35 GMT
Keep-Alive: timeout=20
Connection: keep-alive

{
    "expand": "description,lead,url,projectKeys",
    "self": "http://localhost:8080/rest/api/2/project/10200",
    "id": "10200",
    "key": "SCRUMPROJ3",
    "description": "",
    "lead": {
        "self": "http://localhost:8080/rest/api/2/user?username=admin",
        "key": "JIRAUSER10302",
        "name": "admin",
        "avatarUrls": {
            "48x48": "https://www.gravatar.com/avatar/64e1b8d34f425d19e1ee2ea7236d3028?d=mm&s=48",
            "24x24": "https://www.gravatar.com/avatar/64e1b8d34f425d19e1ee2ea7236d3028?d=mm&s=24",
            "16x16": "https://www.gravatar.com/avatar/64e1b8d34f425d19e1ee2ea7236d3028?d=mm&s=16",
            "32x32": "https://www.gravatar.com/avatar/64e1b8d34f425d19e1ee2ea7236d3028?d=mm&s=32"
        },
        "displayName": "admin",
        "active": true
    },
    "components": [
        
    ],
    "issueTypes": [
        {
            "self": "http://localhost:8080/rest/api/2/issuetype/10100",
            "id": "10100",
            "description": "A task that needs to be done.",
            "iconUrl": "http://localhost:8080/secure/viewavatar?size=xsmall&avatarId=10318&avatarType=issuetype",
            "name": "Task",
            "subtask": false,
            "avatarId": 10318
        },
        {
            "self": "http://localhost:8080/rest/api/2/issuetype/10000",
            "id": "10000",
            "description": "The sub-task of the issue",
            "iconUrl": "http://localhost:8080/images/icons/issuetypes/subtask_alternate.png",
            "name": "Sub-task",
            "subtask": true
        },
        {
            "self": "http://localhost:8080/rest/api/2/issuetype/10002",
            "id": "10002",
            "description": "Created by Jira Software - do not edit or delete. Issue type for a user story.",
            "iconUrl": "http://localhost:8080/images/icons/issuetypes/story.svg",
            "name": "Story",
            "subtask": false
        },
        {
            "self": "http://localhost:8080/rest/api/2/issuetype/10101",
            "id": "10101",
            "description": "A problem which impairs or prevents the functions of the product.",
            "iconUrl": "http://localhost:8080/secure/viewavatar?size=xsmall&avatarId=10303&avatarType=issuetype",
            "name": "Bug",
            "subtask": false,
            "avatarId": 10303
        },
        {
            "self": "http://localhost:8080/rest/api/2/issuetype/10001",
            "id": "10001",
            "description": "Created by Jira Software - do not edit or delete. Issue type for a big user story that needs to be broken down.",
            "iconUrl": "http://localhost:8080/images/icons/issuetypes/epic.svg",
            "name": "Epic",
            "subtask": false
        }
    ],
    "assigneeType": "PROJECT_LEAD",
    "versions": [
        
    ],
    "name": "Project3",
    "roles": {
        "Administrators": "http://localhost:8080/rest/api/2/project/10200/role/10002",
        "Developer": "http://localhost:8080/rest/api/2/project/10200/role/10100"
    },
    "avatarUrls": {
        "48x48": "http://localhost:8080/secure/projectavatar?avatarId=10324",
        "24x24": "http://localhost:8080/secure/projectavatar?size=small&avatarId=10324",
        "16x16": "http://localhost:8080/secure/projectavatar?size=xsmall&avatarId=10324",
        "32x32": "http://localhost:8080/secure/projectavatar?size=medium&avatarId=10324"
    },
    "projectTypeKey": "software",
    "archived": false
}
HTTP/1.1 201 
X-AREQUESTID: 303x18527x1
Referrer-Policy: strict-origin-when-cross-origin
X-XSS-Protection: 1; mode=block
X-Content-Type-Options: nosniff
X-Frame-Options: SAMEORIGIN
Content-Security-Policy: sandbox
Strict-Transport-Security: max-age=31536000
Set-Cookie: JSESSIONID=8679A96CB6AC3C11A239175D8E1ED5D9; Path=/; HttpOnly
X-Seraph-LoginReason: OK
Set-Cookie: atlassian.xsrf.token=B5LV-4P6S-7VFS-39Z6_152d860dfbccab163516dbb2851d873aa1942950_lin; Path=/
X-ASESSIONID: 1p8t30z
X-AUSERNAME: admin
Cache-Control: no-cache, no-store, no-transform
Content-Encoding: gzip
Vary: User-Agent
Content-Type: application/json;charset=UTF-8
Transfer-Encoding: chunked
Date: Thu, 14 Dec 2023 10:03:35 GMT
Keep-Alive: timeout=20
Connection: keep-alive

{
    "id": "10118",
    "key": "SCRUMPROJ3-19",
    "self": "http://localhost:8080/rest/api/2/issue/10118"
}
]]></system-out>
  </testcase>
  <testcase name="runScenario[&quot;I can set a link relation between two issues&quot;, &quot;specify if the current issue is blocked by or is blocking other issues by linking issues&quot;](3)" classname="IssueAPITestRunner" time="0.412">
    <system-out><![CDATA[HTTP/1.1 201 
X-AREQUESTID: 303x18529x1
Referrer-Policy: strict-origin-when-cross-origin
X-XSS-Protection: 1; mode=block
X-Content-Type-Options: nosniff
X-Frame-Options: SAMEORIGIN
Content-Security-Policy: sandbox
Strict-Transport-Security: max-age=31536000
Set-Cookie: JSESSIONID=A54EAE64208CD0B44DAD7BD6C9C1B7DC; Path=/; HttpOnly
X-Seraph-LoginReason: OK
Set-Cookie: atlassian.xsrf.token=B5LV-4P6S-7VFS-39Z6_11186b3e6f14c584346ab409209ef5b70e653b54_lin; Path=/
X-ASESSIONID: bt2z06
X-AUSERNAME: admin
Location: http://localhost:8080/rest/api/2/issueLink/10126
Cache-Control: no-cache, no-store, no-transform
Content-Encoding: gzip
Vary: User-Agent
Content-Type: application/json;charset=UTF-8
Transfer-Encoding: chunked
Date: Thu, 14 Dec 2023 10:03:36 GMT
Keep-Alive: timeout=20
Connection: keep-alive
]]></system-out>
  </testcase>
  <testcase name="runScenario[&quot;I can set a issue to a user&quot;, &quot;assign the current issue to a user&quot;](4)" classname="IssueAPITestRunner" time="0.227">
    <system-out><![CDATA[HTTP/1.1 204 
X-AREQUESTID: 303x18531x1
Referrer-Policy: strict-origin-when-cross-origin
X-XSS-Protection: 1; mode=block
X-Content-Type-Options: nosniff
X-Frame-Options: SAMEORIGIN
Content-Security-Policy: sandbox
Strict-Transport-Security: max-age=31536000
Set-Cookie: JSESSIONID=AB7CCC2353288AF9F03C3D46A88EE965; Path=/; HttpOnly
X-Seraph-LoginReason: OK
Set-Cookie: atlassian.xsrf.token=B5LV-4P6S-7VFS-39Z6_72a1f8023ccf607d2e076aa5bd633d51e1f2b291_lin; Path=/
X-ASESSIONID: c5f8x4
X-AUSERNAME: admin
Cache-Control: no-cache, no-store, no-transform
Content-Type: application/json;charset=UTF-8
Date: Thu, 14 Dec 2023 10:03:36 GMT
Keep-Alive: timeout=20
Connection: keep-alive
]]></system-out>
  </testcase>
  <testcase name="runScenario[&quot;I can view all issues assign to me &quot;developer&quot;&quot;, &quot;view all current issues of a user&quot;](5)" classname="IssueAPITestRunner" time="0.177">
    <system-out><![CDATA[admin]]></system-out>
  </testcase>
  <testcase name="runScenario[&quot;As a user, I can add a comment to an issue, afterward I can edit it&quot;, &quot;Add and Edit comment of an issue&quot;](6)" classname="IssueAPITestRunner" time="0.279"/>
</testsuite>