<?xml version="1.0" encoding="UTF-8"?>
<testng-results ignored="0" total="6" passed="6" failed="0" skipped="0">
  <reporter-output>
  </reporter-output>
  <suite started-at="2023-12-14T05:29:37 EST" name="Surefire suite" finished-at="2023-12-14T05:29:40 EST" duration-ms="2872">
    <groups>
      <group name="cucumber">
        <method signature="AbstractTestNGCucumberTests.runScenario(io.cucumber.testng.PickleWrapper,io.cucumber.testng.FeatureWrapper)[pri:0, instance:GroupAPITestRunner@291ae]" name="runScenario" class="io.cucumber.testng.AbstractTestNGCucumberTests"/>
        <method signature="AbstractTestNGCucumberTests.runScenario(io.cucumber.testng.PickleWrapper,io.cucumber.testng.FeatureWrapper)[pri:0, instance:GroupUITestRunner@7193666c]" name="runScenario" class="io.cucumber.testng.AbstractTestNGCucumberTests"/>
        <method signature="AbstractTestNGCucumberTests.runScenario(io.cucumber.testng.PickleWrapper,io.cucumber.testng.FeatureWrapper)[pri:0, instance:IssueAPITestRunner@20deea7f]" name="runScenario" class="io.cucumber.testng.AbstractTestNGCucumberTests"/>
        <method signature="AbstractTestNGCucumberTests.runScenario(io.cucumber.testng.PickleWrapper,io.cucumber.testng.FeatureWrapper)[pri:0, instance:IssueUITestRunner@3835c46]" name="runScenario" class="io.cucumber.testng.AbstractTestNGCucumberTests"/>
        <method signature="AbstractTestNGCucumberTests.runScenario(io.cucumber.testng.PickleWrapper,io.cucumber.testng.FeatureWrapper)[pri:0, instance:ProjectAPITestRunner@1dde4cb2]" name="runScenario" class="io.cucumber.testng.AbstractTestNGCucumberTests"/>
        <method signature="AbstractTestNGCucumberTests.runScenario(io.cucumber.testng.PickleWrapper,io.cucumber.testng.FeatureWrapper)[pri:0, instance:ProjectUITestRunner@7714e963]" name="runScenario" class="io.cucumber.testng.AbstractTestNGCucumberTests"/>
        <method signature="AbstractTestNGCucumberTests.runScenario(io.cucumber.testng.PickleWrapper,io.cucumber.testng.FeatureWrapper)[pri:0, instance:SprintTestRunner@20ce78ec]" name="runScenario" class="io.cucumber.testng.AbstractTestNGCucumberTests"/>
        <method signature="AbstractTestNGCucumberTests.runScenario(io.cucumber.testng.PickleWrapper,io.cucumber.testng.FeatureWrapper)[pri:0, instance:UserAPITestRunner@393671df]" name="runScenario" class="io.cucumber.testng.AbstractTestNGCucumberTests"/>
        <method signature="AbstractTestNGCucumberTests.runScenario(io.cucumber.testng.PickleWrapper,io.cucumber.testng.FeatureWrapper)[pri:0, instance:UserTestRunner@56620197]" name="runScenario" class="io.cucumber.testng.AbstractTestNGCucumberTests"/>
        <method signature="AbstractTestNGCucumberTests.runScenario(io.cucumber.testng.PickleWrapper,io.cucumber.testng.FeatureWrapper)[pri:0, instance:WorkflowUITestRunner@6eda5c9]" name="runScenario" class="io.cucumber.testng.AbstractTestNGCucumberTests"/>
      </group> <!-- cucumber -->
    </groups>
    <test started-at="2023-12-14T05:29:37 EST" name="Surefire test" finished-at="2023-12-14T05:29:40 EST" duration-ms="2872">
      <class name="ProjectAPITestRunner">
        <test-method is-config="true" signature="setUpClass(org.testng.ITestContext)[pri:0, instance:ProjectAPITestRunner@1dde4cb2]" started-at="2023-12-14T05:29:40 EST" name="setUpClass" finished-at="2023-12-14T05:29:40 EST" duration-ms="8" status="PASS">
          <params>
            <param index="0">
              <value>
                <![CDATA[org.testng.TestRunner@37ca3ca8]]>
              </value>
            </param>
          </params>
          <reporter-output>
          </reporter-output>
        </test-method> <!-- setUpClass -->
        <test-method is-config="true" signature="tearDownClass()[pri:0, instance:ProjectAPITestRunner@1dde4cb2]" started-at="2023-12-14T05:29:40 EST" name="tearDownClass" finished-at="2023-12-14T05:29:40 EST" duration-ms="0" status="PASS">
          <reporter-output>
          </reporter-output>
        </test-method> <!-- tearDownClass -->
      </class> <!-- ProjectAPITestRunner -->
      <class name="GroupAPITestRunner">
        <test-method is-config="true" signature="setUpClass(org.testng.ITestContext)[pri:0, instance:GroupAPITestRunner@291ae]" started-at="2023-12-14T05:29:37 EST" name="setUpClass" finished-at="2023-12-14T05:29:37 EST" duration-ms="183" status="PASS">
          <params>
            <param index="0">
              <value>
                <![CDATA[org.testng.TestRunner@37ca3ca8]]>
              </value>
            </param>
          </params>
          <reporter-output>
          </reporter-output>
        </test-method> <!-- setUpClass -->
        <test-method is-config="true" signature="tearDownClass()[pri:0, instance:GroupAPITestRunner@291ae]" started-at="2023-12-14T05:29:37 EST" name="tearDownClass" finished-at="2023-12-14T05:29:37 EST" duration-ms="128" status="PASS">
          <reporter-output>
          </reporter-output>
        </test-method> <!-- tearDownClass -->
      </class> <!-- GroupAPITestRunner -->
      <class name="ProjectUITestRunner">
        <test-method is-config="true" signature="setUpClass(org.testng.ITestContext)[pri:0, instance:ProjectUITestRunner@7714e963]" started-at="2023-12-14T05:29:40 EST" name="setUpClass" finished-at="2023-12-14T05:29:40 EST" duration-ms="7" status="PASS">
          <params>
            <param index="0">
              <value>
                <![CDATA[org.testng.TestRunner@37ca3ca8]]>
              </value>
            </param>
          </params>
          <reporter-output>
          </reporter-output>
        </test-method> <!-- setUpClass -->
        <test-method is-config="true" signature="tearDownClass()[pri:0, instance:ProjectUITestRunner@7714e963]" started-at="2023-12-14T05:29:40 EST" name="tearDownClass" finished-at="2023-12-14T05:29:40 EST" duration-ms="0" status="PASS">
          <reporter-output>
          </reporter-output>
        </test-method> <!-- tearDownClass -->
      </class> <!-- ProjectUITestRunner -->
      <class name="IssueUITestRunner">
        <test-method is-config="true" signature="setUpClass(org.testng.ITestContext)[pri:0, instance:IssueUITestRunner@3835c46]" started-at="2023-12-14T05:29:40 EST" name="setUpClass" finished-at="2023-12-14T05:29:40 EST" duration-ms="21" status="PASS">
          <params>
            <param index="0">
              <value>
                <![CDATA[org.testng.TestRunner@37ca3ca8]]>
              </value>
            </param>
          </params>
          <reporter-output>
          </reporter-output>
        </test-method> <!-- setUpClass -->
        <test-method is-config="true" signature="tearDownClass()[pri:0, instance:IssueUITestRunner@3835c46]" started-at="2023-12-14T05:29:40 EST" name="tearDownClass" finished-at="2023-12-14T05:29:40 EST" duration-ms="0" status="PASS">
          <reporter-output>
          </reporter-output>
        </test-method> <!-- tearDownClass -->
      </class> <!-- IssueUITestRunner -->
      <class name="UserAPITestRunner">
        <test-method is-config="true" signature="setUpClass(org.testng.ITestContext)[pri:0, instance:UserAPITestRunner@393671df]" started-at="2023-12-14T05:29:40 EST" name="setUpClass" finished-at="2023-12-14T05:29:40 EST" duration-ms="7" status="PASS">
          <params>
            <param index="0">
              <value>
                <![CDATA[org.testng.TestRunner@37ca3ca8]]>
              </value>
            </param>
          </params>
          <reporter-output>
          </reporter-output>
        </test-method> <!-- setUpClass -->
        <test-method is-config="true" signature="tearDownClass()[pri:0, instance:UserAPITestRunner@393671df]" started-at="2023-12-14T05:29:40 EST" name="tearDownClass" finished-at="2023-12-14T05:29:40 EST" duration-ms="0" status="PASS">
          <reporter-output>
          </reporter-output>
        </test-method> <!-- tearDownClass -->
      </class> <!-- UserAPITestRunner -->
      <class name="SprintTestRunner">
        <test-method is-config="true" signature="setUpClass(org.testng.ITestContext)[pri:0, instance:SprintTestRunner@20ce78ec]" started-at="2023-12-14T05:29:40 EST" name="setUpClass" finished-at="2023-12-14T05:29:40 EST" duration-ms="20" status="PASS">
          <params>
            <param index="0">
              <value>
                <![CDATA[org.testng.TestRunner@37ca3ca8]]>
              </value>
            </param>
          </params>
          <reporter-output>
          </reporter-output>
        </test-method> <!-- setUpClass -->
        <test-method is-config="true" signature="tearDownClass()[pri:0, instance:SprintTestRunner@20ce78ec]" started-at="2023-12-14T05:29:40 EST" name="tearDownClass" finished-at="2023-12-14T05:29:40 EST" duration-ms="0" status="PASS">
          <reporter-output>
          </reporter-output>
        </test-method> <!-- tearDownClass -->
      </class> <!-- SprintTestRunner -->
      <class name="GroupUITestRunner">
        <test-method is-config="true" signature="setUpClass(org.testng.ITestContext)[pri:0, instance:GroupUITestRunner@7193666c]" started-at="2023-12-14T05:29:37 EST" name="setUpClass" finished-at="2023-12-14T05:29:37 EST" duration-ms="17" status="PASS">
          <params>
            <param index="0">
              <value>
                <![CDATA[org.testng.TestRunner@37ca3ca8]]>
              </value>
            </param>
          </params>
          <reporter-output>
          </reporter-output>
        </test-method> <!-- setUpClass -->
        <test-method is-config="true" signature="tearDownClass()[pri:0, instance:GroupUITestRunner@7193666c]" started-at="2023-12-14T05:29:37 EST" name="tearDownClass" finished-at="2023-12-14T05:29:37 EST" duration-ms="0" status="PASS">
          <reporter-output>
          </reporter-output>
        </test-method> <!-- tearDownClass -->
      </class> <!-- GroupUITestRunner -->
      <class name="IssueAPITestRunner">
        <test-method is-config="true" signature="setUpClass(org.testng.ITestContext)[pri:0, instance:IssueAPITestRunner@20deea7f]" started-at="2023-12-14T05:29:37 EST" name="setUpClass" finished-at="2023-12-14T05:29:38 EST" duration-ms="15" status="PASS">
          <params>
            <param index="0">
              <value>
                <![CDATA[org.testng.TestRunner@37ca3ca8]]>
              </value>
            </param>
          </params>
          <reporter-output>
          </reporter-output>
        </test-method> <!-- setUpClass -->
        <test-method signature="runScenario(io.cucumber.testng.PickleWrapper,io.cucumber.testng.FeatureWrapper)[pri:0, instance:IssueAPITestRunner@20deea7f]" started-at="2023-12-14T05:29:38 EST" name="runScenario" description="Runs Cucumber Scenarios" data-provider="scenarios" finished-at="2023-12-14T05:29:39 EST" duration-ms="1750" status="PASS">
          <params>
            <param index="0">
              <value>
                <![CDATA["I can create 2 issues in the project,"]]>
              </value>
            </param>
            <param index="1">
              <value>
                <![CDATA["Create issues that belong to different epics and priorities in an existing project using API"]]>
              </value>
            </param>
          </params>
          <reporter-output>
          </reporter-output>
        </test-method> <!-- runScenario -->
        <test-method signature="runScenario(io.cucumber.testng.PickleWrapper,io.cucumber.testng.FeatureWrapper)[pri:0, instance:IssueAPITestRunner@20deea7f]" started-at="2023-12-14T05:29:39 EST" name="runScenario" description="Runs Cucumber Scenarios" data-provider="scenarios" finished-at="2023-12-14T05:29:39 EST" duration-ms="94" status="PASS">
          <params>
            <param index="0">
              <value>
                <![CDATA["I can create 2 issues in the project,"]]>
              </value>
            </param>
            <param index="1">
              <value>
                <![CDATA["Create issues that belong to different epics and priorities in an existing project using API"]]>
              </value>
            </param>
          </params>
          <reporter-output>
          </reporter-output>
        </test-method> <!-- runScenario -->
        <test-method signature="runScenario(io.cucumber.testng.PickleWrapper,io.cucumber.testng.FeatureWrapper)[pri:0, instance:IssueAPITestRunner@20deea7f]" started-at="2023-12-14T05:29:39 EST" name="runScenario" description="Runs Cucumber Scenarios" data-provider="scenarios" finished-at="2023-12-14T05:29:40 EST" duration-ms="216" status="PASS">
          <params>
            <param index="0">
              <value>
                <![CDATA["I can set a link relation between two issues"]]>
              </value>
            </param>
            <param index="1">
              <value>
                <![CDATA["specify if the current issue is blocked by or is blocking other issues by linking issues"]]>
              </value>
            </param>
          </params>
          <reporter-output>
          </reporter-output>
        </test-method> <!-- runScenario -->
        <test-method signature="runScenario(io.cucumber.testng.PickleWrapper,io.cucumber.testng.FeatureWrapper)[pri:0, instance:IssueAPITestRunner@20deea7f]" started-at="2023-12-14T05:29:40 EST" name="runScenario" description="Runs Cucumber Scenarios" data-provider="scenarios" finished-at="2023-12-14T05:29:40 EST" duration-ms="131" status="PASS">
          <params>
            <param index="0">
              <value>
                <![CDATA["I can set a issue to a user"]]>
              </value>
            </param>
            <param index="1">
              <value>
                <![CDATA["assign the current issue to a user"]]>
              </value>
            </param>
          </params>
          <reporter-output>
          </reporter-output>
        </test-method> <!-- runScenario -->
        <test-method signature="runScenario(io.cucumber.testng.PickleWrapper,io.cucumber.testng.FeatureWrapper)[pri:0, instance:IssueAPITestRunner@20deea7f]" started-at="2023-12-14T05:29:40 EST" name="runScenario" description="Runs Cucumber Scenarios" data-provider="scenarios" finished-at="2023-12-14T05:29:40 EST" duration-ms="56" status="PASS">
          <params>
            <param index="0">
              <value>
                <![CDATA["I can view all issues assign to me "developer""]]>
              </value>
            </param>
            <param index="1">
              <value>
                <![CDATA["view all current issues of a user"]]>
              </value>
            </param>
          </params>
          <reporter-output>
          </reporter-output>
        </test-method> <!-- runScenario -->
        <test-method signature="runScenario(io.cucumber.testng.PickleWrapper,io.cucumber.testng.FeatureWrapper)[pri:0, instance:IssueAPITestRunner@20deea7f]" started-at="2023-12-14T05:29:40 EST" name="runScenario" description="Runs Cucumber Scenarios" data-provider="scenarios" finished-at="2023-12-14T05:29:40 EST" duration-ms="118" status="PASS">
          <params>
            <param index="0">
              <value>
                <![CDATA["As a user, I can add a comment to an issue, afterward I can edit it"]]>
              </value>
            </param>
            <param index="1">
              <value>
                <![CDATA["Add and Edit comment of an issue"]]>
              </value>
            </param>
          </params>
          <reporter-output>
          </reporter-output>
        </test-method> <!-- runScenario -->
        <test-method is-config="true" signature="tearDownClass()[pri:0, instance:IssueAPITestRunner@20deea7f]" started-at="2023-12-14T05:29:40 EST" name="tearDownClass" finished-at="2023-12-14T05:29:40 EST" duration-ms="41" status="PASS">
          <reporter-output>
          </reporter-output>
        </test-method> <!-- tearDownClass -->
      </class> <!-- IssueAPITestRunner -->
      <class name="WorkflowUITestRunner">
        <test-method is-config="true" signature="setUpClass(org.testng.ITestContext)[pri:0, instance:WorkflowUITestRunner@6eda5c9]" started-at="2023-12-14T05:29:40 EST" name="setUpClass" finished-at="2023-12-14T05:29:40 EST" duration-ms="9" status="PASS">
          <params>
            <param index="0">
              <value>
                <![CDATA[org.testng.TestRunner@37ca3ca8]]>
              </value>
            </param>
          </params>
          <reporter-output>
          </reporter-output>
        </test-method> <!-- setUpClass -->
        <test-method is-config="true" signature="tearDownClass()[pri:0, instance:WorkflowUITestRunner@6eda5c9]" started-at="2023-12-14T05:29:40 EST" name="tearDownClass" finished-at="2023-12-14T05:29:40 EST" duration-ms="0" status="PASS">
          <reporter-output>
          </reporter-output>
        </test-method> <!-- tearDownClass -->
      </class> <!-- WorkflowUITestRunner -->
      <class name="UserTestRunner">
        <test-method is-config="true" signature="setUpClass(org.testng.ITestContext)[pri:0, instance:UserTestRunner@56620197]" started-at="2023-12-14T05:29:40 EST" name="setUpClass" finished-at="2023-12-14T05:29:40 EST" duration-ms="9" status="PASS">
          <params>
            <param index="0">
              <value>
                <![CDATA[org.testng.TestRunner@37ca3ca8]]>
              </value>
            </param>
          </params>
          <reporter-output>
          </reporter-output>
        </test-method> <!-- setUpClass -->
        <test-method is-config="true" signature="tearDownClass()[pri:0, instance:UserTestRunner@56620197]" started-at="2023-12-14T05:29:40 EST" name="tearDownClass" finished-at="2023-12-14T05:29:40 EST" duration-ms="1" status="PASS">
          <reporter-output>
          </reporter-output>
        </test-method> <!-- tearDownClass -->
      </class> <!-- UserTestRunner -->
    </test> <!-- Surefire test -->
  </suite> <!-- Surefire suite -->
</testng-results>
